<?xml version="1.0" encoding="UTF-8"?>
<testsuite name="org.adaschool.api.controller.UsersControllerTest" tests="7" skipped="0" failures="0" errors="0" timestamp="2024-05-27T01:50:52" hostname="MacBook-Pro-de-Roberto.local" time="0.571">
  <properties/>
  <testcase name="testUpdateExistingUser()" classname="org.adaschool.api.controller.UsersControllerTest" time="0.228"/>
  <testcase name="testFindByIdExistingUser()" classname="org.adaschool.api.controller.UsersControllerTest" time="0.098"/>
  <testcase name="testDeleteNotExistingUser()" classname="org.adaschool.api.controller.UsersControllerTest" time="0.007"/>
  <testcase name="testUpdateNotExistingUser()" classname="org.adaschool.api.controller.UsersControllerTest" time="0.005"/>
  <testcase name="testFindByIdNotExistingUser()" classname="org.adaschool.api.controller.UsersControllerTest" time="0.003"/>
  <testcase name="testSaveNewUser()" classname="org.adaschool.api.controller.UsersControllerTest" time="0.149"/>
  <testcase name="testDeleteExistingUser()" classname="org.adaschool.api.controller.UsersControllerTest" time="0.076"/>
  <system-out><![CDATA[19:50:51.791 [Test worker] DEBUG org.springframework.boot.test.context.SpringBootTestContextBootstrapper - Neither @ContextConfiguration nor @ContextHierarchy found for test class [UsersControllerTest]: using SpringBootContextLoader
19:50:51.794 [Test worker] DEBUG org.springframework.test.context.support.AbstractContextLoader - Could not detect default resource locations for test class [org.adaschool.api.controller.UsersControllerTest]: no resource found for suffixes {-context.xml, Context.groovy}.
19:50:51.794 [Test worker] INFO org.springframework.test.context.support.AnnotationConfigContextLoaderUtils - Could not detect default configuration classes for test class [org.adaschool.api.controller.UsersControllerTest]: UsersControllerTest does not declare any static, non-private, non-final, nested classes annotated with @Configuration.
19:50:51.805 [Test worker] DEBUG org.springframework.boot.test.context.SpringBootTestContextBootstrapper - Using ContextCustomizers for test class [UsersControllerTest]: [DisableObservabilityContextCustomizer, PropertyMappingContextCustomizer, Customizer, ExcludeFilterContextCustomizer, DuplicateJsonObjectContextCustomizer, MockitoContextCustomizer, TestRestTemplateContextCustomizer]
19:50:51.839 [Test worker] DEBUG org.springframework.context.annotation.ClassPathScanningCandidateComponentProvider - Identified candidate component class: file [/Users/macbookproroberto/Documents/Documentos de la Universidad/Algoritmos y Estructuras de Datos/spring-boot-java-assignments/build/classes/java/main/org/adaschool/api/SpringBootJavaAssignmentsApplication.class]
19:50:51.840 [Test worker] INFO org.springframework.boot.test.context.SpringBootTestContextBootstrapper - Found @SpringBootConfiguration org.adaschool.api.SpringBootJavaAssignmentsApplication for test class org.adaschool.api.controller.UsersControllerTest
19:50:51.875 [Test worker] DEBUG org.springframework.test.context.util.TestContextSpringFactoriesUtils - Skipping candidate TestExecutionListener [org.springframework.test.context.transaction.TransactionalTestExecutionListener] due to a missing dependency. Specify custom TestExecutionListener classes or make the default TestExecutionListener classes and their required dependencies available. Offending class: [org/springframework/transaction/interceptor/TransactionAttributeSource]
19:50:51.876 [Test worker] DEBUG org.springframework.test.context.util.TestContextSpringFactoriesUtils - Skipping candidate TestExecutionListener [org.springframework.test.context.jdbc.SqlScriptsTestExecutionListener] due to a missing dependency. Specify custom TestExecutionListener classes or make the default TestExecutionListener classes and their required dependencies available. Offending class: [org/springframework/transaction/interceptor/TransactionAttribute]
19:50:51.877 [Test worker] DEBUG org.springframework.boot.test.context.SpringBootTestContextBootstrapper - Using TestExecutionListeners for test class [UsersControllerTest]: [ServletTestExecutionListener, DirtiesContextBeforeModesTestExecutionListener, ApplicationEventsTestExecutionListener, MockitoTestExecutionListener, DependencyInjectionTestExecutionListener, DirtiesContextTestExecutionListener, EventPublishingTestExecutionListener, RestDocsTestExecutionListener, MockRestServiceServerResetTestExecutionListener, MockMvcPrintOnlyOnFailureTestExecutionListener, WebDriverTestExecutionListener, MockWebServiceServerTestExecutionListener, ResetMocksTestExecutionListener]
19:50:51.877 [Test worker] DEBUG org.springframework.test.context.support.AbstractDirtiesContextTestExecutionListener - Before test class: class [UsersControllerTest], class annotated with @DirtiesContext [false] with mode [null]

  .   ____          _            __ _ _
 /\\ / ___'_ __ _ _(_)_ __  __ _ \ \ \ \
( ( )\___ | '_ | '_| | '_ \/ _` | \ \ \ \
 \\/  ___)| |_)| | | | | || (_| |  ) ) ) )
  '  |____| .__|_| |_|_| |_\__, | / / / /
 =========|_|==============|___/=/_/_/_/
 :: Spring Boot ::                (v3.0.2)

2024-05-26T19:50:51.986-06:00  INFO 33881 --- [    Test worker] o.a.api.controller.UsersControllerTest   : Starting UsersControllerTest using Java 17.0.11 with PID 33881 (started by macbookproroberto in /Users/macbookproroberto/Documents/Documentos de la Universidad/Algoritmos y Estructuras de Datos/spring-boot-java-assignments)
2024-05-26T19:50:51.987-06:00  INFO 33881 --- [    Test worker] o.a.api.controller.UsersControllerTest   : No active profile set, falling back to 1 default profile: "default"
2024-05-26T19:50:52.538-06:00  INFO 33881 --- [    Test worker] o.a.api.controller.UsersControllerTest   : Started UsersControllerTest in 0.639 seconds (process running for 1.09)
2024-05-26T19:50:52.553-06:00  INFO 33881 --- [    Test worker] o.s.mock.web.MockServletContext          : Initializing Spring TestDispatcherServlet ''
2024-05-26T19:50:52.553-06:00  INFO 33881 --- [    Test worker] o.s.t.web.servlet.TestDispatcherServlet  : Initializing Servlet ''
2024-05-26T19:50:52.554-06:00  INFO 33881 --- [    Test worker] o.s.t.web.servlet.TestDispatcherServlet  : Completed initialization in 0 ms
2024-05-26T19:50:52.776-06:00  INFO 33881 --- [    Test worker] o.s.mock.web.MockServletContext          : Initializing Spring TestDispatcherServlet ''
2024-05-26T19:50:52.776-06:00  INFO 33881 --- [    Test worker] o.s.t.web.servlet.TestDispatcherServlet  : Initializing Servlet ''
2024-05-26T19:50:52.776-06:00  INFO 33881 --- [    Test worker] o.s.t.web.servlet.TestDispatcherServlet  : Completed initialization in 0 ms
2024-05-26T19:50:52.874-06:00  INFO 33881 --- [    Test worker] o.s.mock.web.MockServletContext          : Initializing Spring TestDispatcherServlet ''
2024-05-26T19:50:52.874-06:00  INFO 33881 --- [    Test worker] o.s.t.web.servlet.TestDispatcherServlet  : Initializing Servlet ''
2024-05-26T19:50:52.874-06:00  INFO 33881 --- [    Test worker] o.s.t.web.servlet.TestDispatcherServlet  : Completed initialization in 0 ms
2024-05-26T19:50:52.882-06:00  INFO 33881 --- [    Test worker] o.s.mock.web.MockServletContext          : Initializing Spring TestDispatcherServlet ''
2024-05-26T19:50:52.882-06:00  INFO 33881 --- [    Test worker] o.s.t.web.servlet.TestDispatcherServlet  : Initializing Servlet ''
2024-05-26T19:50:52.882-06:00  INFO 33881 --- [    Test worker] o.s.t.web.servlet.TestDispatcherServlet  : Completed initialization in 0 ms
2024-05-26T19:50:52.887-06:00  INFO 33881 --- [    Test worker] o.s.mock.web.MockServletContext          : Initializing Spring TestDispatcherServlet ''
2024-05-26T19:50:52.887-06:00  INFO 33881 --- [    Test worker] o.s.t.web.servlet.TestDispatcherServlet  : Initializing Servlet ''
2024-05-26T19:50:52.887-06:00  INFO 33881 --- [    Test worker] o.s.t.web.servlet.TestDispatcherServlet  : Completed initialization in 0 ms
2024-05-26T19:50:52.891-06:00  INFO 33881 --- [    Test worker] o.s.mock.web.MockServletContext          : Initializing Spring TestDispatcherServlet ''
2024-05-26T19:50:52.891-06:00  INFO 33881 --- [    Test worker] o.s.t.web.servlet.TestDispatcherServlet  : Initializing Servlet ''
2024-05-26T19:50:52.891-06:00  INFO 33881 --- [    Test worker] o.s.t.web.servlet.TestDispatcherServlet  : Completed initialization in 0 ms
2024-05-26T19:50:53.041-06:00  INFO 33881 --- [    Test worker] o.s.mock.web.MockServletContext          : Initializing Spring TestDispatcherServlet ''
2024-05-26T19:50:53.042-06:00  INFO 33881 --- [    Test worker] o.s.t.web.servlet.TestDispatcherServlet  : Initializing Servlet ''
2024-05-26T19:50:53.042-06:00  INFO 33881 --- [    Test worker] o.s.t.web.servlet.TestDispatcherServlet  : Completed initialization in 0 ms
]]></system-out>
  <system-err><![CDATA[]]></system-err>
</testsuite>
